  Trwa określanie projektów do przywrócenia...
  Wszystkie projekty są aktualne na potrzeby przywrócenia.
C:\Users\pawel.WSIZPTIBB.000\Documents\WSI\SEM7_DOCKER\DockerManager\Services\DockerService.cs(66,119): warning CS8625: Nie można przekonwertować literału o wartości null na nienullowalny typ referencyjny. [C:\Users\pawel.WSIZPTIBB.000\Documents\WSI\SEM7_DOCKER\DockerManager\DockerManager.csproj]
C:\Users\pawel.WSIZPTIBB.000\Documents\WSI\SEM7_DOCKER\DockerManager\Services\DockerService.cs(66,145): warning CS8625: Nie można przekonwertować literału o wartości null na nienullowalny typ referencyjny. [C:\Users\pawel.WSIZPTIBB.000\Documents\WSI\SEM7_DOCKER\DockerManager\DockerManager.csproj]
C:\Users\pawel.WSIZPTIBB.000\Documents\WSI\SEM7_DOCKER\DockerManager\Program.cs(14,29): error CS0246: Nie można znaleźć nazwy typu lub przestrzeni nazw „Form1” (brak dyrektywy using lub odwołania do zestawu?) [C:\Users\pawel.WSIZPTIBB.000\Documents\WSI\SEM7_DOCKER\DockerManager\DockerManager.csproj]
C:\Users\pawel.WSIZPTIBB.000\Documents\WSI\SEM7_DOCKER\DockerManager\MainForm.cs(260,23): warning CS8618: Niedopuszczający wartości null element właściwość „Id” musi zawierać wartość inną niż null podczas kończenia działania konstruktora. Rozważ dodanie modyfikatora „required” lub zadeklarowanie właściwość jako dopuszczającego wartość null. [C:\Users\pawel.WSIZPTIBB.000\Documents\WSI\SEM7_DOCKER\DockerManager\DockerManager.csproj]
C:\Users\pawel.WSIZPTIBB.000\Documents\WSI\SEM7_DOCKER\DockerManager\MainForm.cs(261,23): warning CS8618: Niedopuszczający wartości null element właściwość „Name” musi zawierać wartość inną niż null podczas kończenia działania konstruktora. Rozważ dodanie modyfikatora „required” lub zadeklarowanie właściwość jako dopuszczającego wartość null. [C:\Users\pawel.WSIZPTIBB.000\Documents\WSI\SEM7_DOCKER\DockerManager\DockerManager.csproj]
C:\Users\pawel.WSIZPTIBB.000\Documents\WSI\SEM7_DOCKER\DockerManager\MainForm.cs(262,23): warning CS8618: Niedopuszczający wartości null element właściwość „State” musi zawierać wartość inną niż null podczas kończenia działania konstruktora. Rozważ dodanie modyfikatora „required” lub zadeklarowanie właściwość jako dopuszczającego wartość null. [C:\Users\pawel.WSIZPTIBB.000\Documents\WSI\SEM7_DOCKER\DockerManager\DockerManager.csproj]
C:\Users\pawel.WSIZPTIBB.000\Documents\WSI\SEM7_DOCKER\DockerManager\MainForm.cs(263,23): warning CS8618: Niedopuszczający wartości null element właściwość „Status” musi zawierać wartość inną niż null podczas kończenia działania konstruktora. Rozważ dodanie modyfikatora „required” lub zadeklarowanie właściwość jako dopuszczającego wartość null. [C:\Users\pawel.WSIZPTIBB.000\Documents\WSI\SEM7_DOCKER\DockerManager\DockerManager.csproj]
C:\Users\pawel.WSIZPTIBB.000\Documents\WSI\SEM7_DOCKER\DockerManager\MainForm.cs(200,21): warning CS8625: Nie można przekonwertować literału o wartości null na nienullowalny typ referencyjny. [C:\Users\pawel.WSIZPTIBB.000\Documents\WSI\SEM7_DOCKER\DockerManager\DockerManager.csproj]
C:\Users\pawel.WSIZPTIBB.000\Documents\WSI\SEM7_DOCKER\DockerManager\MainForm.cs(250,21): warning CS8625: Nie można przekonwertować literału o wartości null na nienullowalny typ referencyjny. [C:\Users\pawel.WSIZPTIBB.000\Documents\WSI\SEM7_DOCKER\DockerManager\DockerManager.csproj]

Kompilacja NIE POWIODŁA SIĘ.

C:\Users\pawel.WSIZPTIBB.000\Documents\WSI\SEM7_DOCKER\DockerManager\Services\DockerService.cs(66,119): warning CS8625: Nie można przekonwertować literału o wartości null na nienullowalny typ referencyjny. [C:\Users\pawel.WSIZPTIBB.000\Documents\WSI\SEM7_DOCKER\DockerManager\DockerManager.csproj]
C:\Users\pawel.WSIZPTIBB.000\Documents\WSI\SEM7_DOCKER\DockerManager\Services\DockerService.cs(66,145): warning CS8625: Nie można przekonwertować literału o wartości null na nienullowalny typ referencyjny. [C:\Users\pawel.WSIZPTIBB.000\Documents\WSI\SEM7_DOCKER\DockerManager\DockerManager.csproj]
C:\Users\pawel.WSIZPTIBB.000\Documents\WSI\SEM7_DOCKER\DockerManager\MainForm.cs(260,23): warning CS8618: Niedopuszczający wartości null element właściwość „Id” musi zawierać wartość inną niż null podczas kończenia działania konstruktora. Rozważ dodanie modyfikatora „required” lub zadeklarowanie właściwość jako dopuszczającego wartość null. [C:\Users\pawel.WSIZPTIBB.000\Documents\WSI\SEM7_DOCKER\DockerManager\DockerManager.csproj]
C:\Users\pawel.WSIZPTIBB.000\Documents\WSI\SEM7_DOCKER\DockerManager\MainForm.cs(261,23): warning CS8618: Niedopuszczający wartości null element właściwość „Name” musi zawierać wartość inną niż null podczas kończenia działania konstruktora. Rozważ dodanie modyfikatora „required” lub zadeklarowanie właściwość jako dopuszczającego wartość null. [C:\Users\pawel.WSIZPTIBB.000\Documents\WSI\SEM7_DOCKER\DockerManager\DockerManager.csproj]
C:\Users\pawel.WSIZPTIBB.000\Documents\WSI\SEM7_DOCKER\DockerManager\MainForm.cs(262,23): warning CS8618: Niedopuszczający wartości null element właściwość „State” musi zawierać wartość inną niż null podczas kończenia działania konstruktora. Rozważ dodanie modyfikatora „required” lub zadeklarowanie właściwość jako dopuszczającego wartość null. [C:\Users\pawel.WSIZPTIBB.000\Documents\WSI\SEM7_DOCKER\DockerManager\DockerManager.csproj]
C:\Users\pawel.WSIZPTIBB.000\Documents\WSI\SEM7_DOCKER\DockerManager\MainForm.cs(263,23): warning CS8618: Niedopuszczający wartości null element właściwość „Status” musi zawierać wartość inną niż null podczas kończenia działania konstruktora. Rozważ dodanie modyfikatora „required” lub zadeklarowanie właściwość jako dopuszczającego wartość null. [C:\Users\pawel.WSIZPTIBB.000\Documents\WSI\SEM7_DOCKER\DockerManager\DockerManager.csproj]
C:\Users\pawel.WSIZPTIBB.000\Documents\WSI\SEM7_DOCKER\DockerManager\MainForm.cs(200,21): warning CS8625: Nie można przekonwertować literału o wartości null na nienullowalny typ referencyjny. [C:\Users\pawel.WSIZPTIBB.000\Documents\WSI\SEM7_DOCKER\DockerManager\DockerManager.csproj]
C:\Users\pawel.WSIZPTIBB.000\Documents\WSI\SEM7_DOCKER\DockerManager\MainForm.cs(250,21): warning CS8625: Nie można przekonwertować literału o wartości null na nienullowalny typ referencyjny. [C:\Users\pawel.WSIZPTIBB.000\Documents\WSI\SEM7_DOCKER\DockerManager\DockerManager.csproj]
C:\Users\pawel.WSIZPTIBB.000\Documents\WSI\SEM7_DOCKER\DockerManager\Program.cs(14,29): error CS0246: Nie można znaleźć nazwy typu lub przestrzeni nazw „Form1” (brak dyrektywy using lub odwołania do zestawu?) [C:\Users\pawel.WSIZPTIBB.000\Documents\WSI\SEM7_DOCKER\DockerManager\DockerManager.csproj]
    Ostrzeżenia: 8
    Liczba błędów: 1

Czas, który upłynął: 00:00:00.78

Dostępne są aktualizacje obciążenia. Uruchom polecenie `dotnet workload list`, aby uzyskać więcej informacji.
